{"numTotalTestSuites":4,"numPassedTestSuites":4,"numFailedTestSuites":0,"numPendingTestSuites":0,"numTotalTests":9,"numPassedTests":9,"numFailedTests":0,"numPendingTests":0,"numTodoTests":0,"snapshot":{"added":0,"failure":false,"filesAdded":0,"filesRemoved":0,"filesRemovedList":[],"filesUnmatched":0,"filesUpdated":0,"matched":0,"total":0,"unchecked":0,"uncheckedKeysByFile":[],"unmatched":0,"updated":0,"didUpdate":false},"startTime":1789699476032,"success":true,"testResults":[{"assertionResults":[{"ancestorTitles":["RegistrationPage"],"fullName":"RegistrationPage renders the first step and validates required fields","status":"passed","title":"renders the first step and validates required fields","duration":382.23149999999987,"failureMessages":[],"meta":{},"tags":[],"benchmarks":[]},{"ancestorTitles":["RegistrationPage"],"fullName":"RegistrationPage moves through the three steps and preserves data","status":"passed","title":"moves through the three steps and preserves data","duration":1547.5942,"failureMessages":[],"meta":{},"tags":[],"benchmarks":[]}],"startTime":1789699479596,"endTime":1789699481525.5942,"status":"passed","message":"","name":"C:/student-accommodation-platform/frontend/src/pages/RegistrationPage.test.tsx"},{"assertionResults":[{"ancestorTitles":["LoginForm"],"fullName":"LoginForm renders the form fields and actions","status":"passed","title":"renders the form fields and actions","duration":279.10390000000007,"failureMessages":[],"meta":{},"tags":[],"benchmarks":[]},{"ancestorTitles":["LoginForm"],"fullName":"LoginForm shows validation errors for empty or invalid values","status":"passed","title":"shows validation errors for empty or invalid values","duration":402.7883999999999,"failureMessages":[],"meta":{},"tags":[],"benchmarks":[]},{"ancestorTitles":["LoginForm"],"fullName":"LoginForm toggles password visibility and prevents duplicate submissions while loading","status":"passed","title":"toggles password visibility and prevents duplicate submissions while loading","duration":1288.2013999999995,"failureMessages":[],"meta":{},"tags":[],"benchmarks":[]},{"ancestorTitles":["LoginForm"],"fullName":"LoginForm shows invalid credentials message on mocked auth failure","status":"passed","title":"shows invalid credentials message on mocked auth failure","duration":1290.9196000000002,"failureMessages":[],"meta":{},"tags":[],"benchmarks":[]},{"ancestorTitles":["LoginForm"],"fullName":"LoginForm shows network error message for mocked network failure","status":"passed","title":"shows network error message for mocked network failure","duration":1182.8642,"failureMessages":[],"meta":{},"tags":[],"benchmarks":[]},{"ancestorTitles":["LoginForm"],"fullName":"LoginForm shows server error message for mocked server failure","status":"passed","title":"shows server error message for mocked server failure","duration":1199.9760000000006,"failureMessages":[],"meta":{},"tags":[],"benchmarks":[]},{"ancestorTitles":["LoginForm"],"fullName":"LoginForm shows a success message after successful login","status":"passed","title":"shows a success message after successful login","duration":1282.6543999999994,"failureMessages":[],"meta":{},"tags":[],"benchmarks":[]}],"startTime":1789699479485,"endTime":1789699486412.6543,"status":"passed","message":"","name":"C:/student-accommodation-platform/frontend/src/components/auth/LoginForm.test.tsx"}]}