{"numTotalTestSuites":8,"numPassedTestSuites":8,"numFailedTestSuites":0,"numPendingTestSuites":0,"numTotalTests":15,"numPassedTests":15,"numFailedTests":0,"numPendingTests":0,"numTodoTests":0,"snapshot":{"added":0,"failure":false,"filesAdded":0,"filesRemoved":0,"filesRemovedList":[],"filesUnmatched":0,"filesUpdated":0,"matched":0,"total":0,"unchecked":0,"uncheckedKeysByFile":[],"unmatched":0,"updated":0,"didUpdate":false},"startTime":1789701159728,"success":true,"testResults":[{"assertionResults":[{"ancestorTitles":["App authentication screens"],"fullName":"App authentication screens switches between the standalone login and registration screens","status":"passed","title":"switches between the standalone login and registration screens","duration":689.5495999999998,"failureMessages":[],"meta":{},"tags":[],"benchmarks":[]}],"startTime":1789701163677,"endTime":1789701164366.5496,"status":"passed","message":"","name":"C:/student-accommodation-platform/frontend/src/App.test.tsx"},{"assertionResults":[{"ancestorTitles":["RegistrationPage behavior"],"fullName":"RegistrationPage behavior renders the university and funding choices","status":"passed","title":"renders the university and funding choices","duration":1758.0061,"failureMessages":[],"meta":{},"tags":[],"benchmarks":[]},{"ancestorTitles":["RegistrationPage behavior"],"fullName":"RegistrationPage behavior shows validation feedback for invalid identity details","status":"passed","title":"shows validation feedback for invalid identity details","duration":443.77729999999974,"failureMessages":[],"meta":{},"tags":[],"benchmarks":[]},{"ancestorTitles":["RegistrationPage behavior"],"fullName":"RegistrationPage behavior rejects mismatched passwords after terms consent is provided","status":"passed","title":"rejects mismatched passwords after terms consent is provided","duration":2127.4065,"failureMessages":[],"meta":{},"tags":[],"benchmarks":[]},{"ancestorTitles":["RegistrationPage behavior"],"fullName":"RegistrationPage behavior requires terms consent before submitting the account setup step","status":"passed","title":"requires terms consent before submitting the account setup step","duration":2020.1477000000004,"failureMessages":[],"meta":{},"tags":[],"benchmarks":[]},{"ancestorTitles":["RegistrationPage behavior"],"fullName":"RegistrationPage behavior shows the mocked duplicate-email error after a valid submission","status":"passed","title":"shows the mocked duplicate-email error after a valid submission","duration":2711.292800000001,"failureMessages":[],"meta":{},"tags":[],"benchmarks":[]}],"startTime":1789701163708,"endTime":1789701172769.2927,"status":"passed","message":"","name":"C:/student-accommodation-platform/frontend/src/pages/RegistrationPage.behavior.test.tsx"},{"assertionResults":[{"ancestorTitles":["RegistrationPage"],"fullName":"RegistrationPage renders the first step and validates required fields","status":"passed","title":"renders the first step and validates required fields","duration":539.5173,"failureMessages":[],"meta":{},"tags":[],"benchmarks":[]},{"ancestorTitles":["RegistrationPage"],"fullName":"RegistrationPage moves through the three steps and preserves data","status":"passed","title":"moves through the three steps and preserves data","duration":1665.5161999999996,"failureMessages":[],"meta":{},"tags":[],"benchmarks":[]}],"startTime":1789701163705,"endTime":1789701165910.516,"status":"passed","message":"","name":"C:/student-accommodation-platform/frontend/src/pages/RegistrationPage.test.tsx"},{"assertionResults":[{"ancestorTitles":["LoginForm"],"fullName":"LoginForm renders the form fields and actions","status":"passed","title":"renders the form fields and actions","duration":383.99090000000024,"failureMessages":[],"meta":{},"tags":[],"benchmarks":[]},{"ancestorTitles":["LoginForm"],"fullName":"LoginForm shows validation errors for empty or invalid values","status":"passed","title":"shows validation errors for empty or invalid values","duration":504.6265000000003,"failureMessages":[],"meta":{},"tags":[],"benchmarks":[]},{"ancestorTitles":["LoginForm"],"fullName":"LoginForm toggles password visibility and prevents duplicate submissions while loading","status":"passed","title":"toggles password visibility and prevents duplicate submissions while loading","duration":1283.1178,"failureMessages":[],"meta":{},"tags":[],"benchmarks":[]},{"ancestorTitles":["LoginForm"],"fullName":"LoginForm shows invalid credentials message on mocked auth failure","status":"passed","title":"shows invalid credentials message on mocked auth failure","duration":1316.7964000000002,"failureMessages":[],"meta":{},"tags":[],"benchmarks":[]},{"ancestorTitles":["LoginForm"],"fullName":"LoginForm shows network error message for mocked network failure","status":"passed","title":"shows network error message for mocked network failure","duration":1284.2574999999997,"failureMessages":[],"meta":{},"tags":[],"benchmarks":[]},{"ancestorTitles":["LoginForm"],"fullName":"LoginForm shows server error message for mocked server failure","status":"passed","title":"shows server error message for mocked server failure","duration":1264.3539999999994,"failureMessages":[],"meta":{},"tags":[],"benchmarks":[]},{"ancestorTitles":["LoginForm"],"fullName":"LoginForm shows a success message after successful login","status":"passed","title":"shows a success message after successful login","duration":1218.0516000000007,"failureMessages":[],"meta":{},"tags":[],"benchmarks":[]}],"startTime":1789701163568,"endTime":1789701170823.0515,"status":"passed","message":"","name":"C:/student-accommodation-platform/frontend/src/components/auth/LoginForm.test.tsx"}]}